<?xml version="1.0" encoding="UTF-8"?>
<robot generator="Robot 3.2.2 (Python 3.9.0 on darwin)" generated="20201105 16:22:13.075" rpa="false">
<suite id="s1" name="PreLoginTests" source="/Users/prathijamoolya/Kuvera/Automation/RF/Kuvera_RF/rf_kuvera-master/Tests/PreLoginTests.robot">
<test id="s1-t1" name="Menu Navigation">
<kw name="Begin Mobile Test Kuvera" library="Common">
<kw name="Open Application" library="AppiumLibrary">
<doc>Opens a new application to given Appium server.
Capabilities of appium server, Android and iOS,
Please check https://github.com/appium/appium/blob/master/docs/en/writing-running-appium/server-args.md
| *Option*            | *Man.* | *Description*     |
| remote_url          | Yes    | Appium server url |
| alias               | no     | alias             |</doc>
<arguments>
<arg>${server}</arg>
<arg>platformName=${platform}</arg>
<arg>platformVersion=${platform_version}</arg>
<arg>deviceName=${device}</arg>
<arg>automationName=${appium}</arg>
<arg>appActivity=${app_activity}</arg>
<arg>appPackage=${app_package}</arg>
</arguments>
<status status="PASS" starttime="20201105 16:22:13.515" endtime="20201105 16:22:22.803"></status>
</kw>
<kw name="Wait For Element Visbility">
<arguments>
<arg>${KU_slider1}</arg>
</arguments>
<msg timestamp="20201105 16:22:22.808" level="FAIL">No keyword with name 'Wait For Element Visbility' found.</msg>
<status status="FAIL" starttime="20201105 16:22:22.807" endtime="20201105 16:22:22.808"></status>
</kw>
<status status="FAIL" starttime="20201105 16:22:13.514" endtime="20201105 16:22:22.808"></status>
</kw>
<tags>
<tag>TC01</tag>
</tags>
<status status="FAIL" starttime="20201105 16:22:13.513" endtime="20201105 16:22:22.809" critical="yes">No keyword with name 'Wait For Element Visbility' found.</status>
</test>
<status status="FAIL" starttime="20201105 16:22:13.076" endtime="20201105 16:22:22.809"></status>
</suite>
<statistics>
<total>
<stat pass="0" fail="1">Critical Tests</stat>
<stat pass="0" fail="1">All Tests</stat>
</total>
<tag>
<stat pass="0" fail="1">TC01</stat>
</tag>
<suite>
<stat pass="0" fail="1" id="s1" name="PreLoginTests">PreLoginTests</stat>
</suite>
</statistics>
<errors>
</errors>
</robot>
