<?xml version="1.0" encoding="UTF-8"?>
<robot generator="Robot 3.2.2 (Python 3.9.0 on darwin)" generated="20201105 17:12:15.004" rpa="false">
<suite id="s1" name="PreLoginTests" source="/Users/prathijamoolya/Kuvera/Automation/RF/Kuvera_RF/rf_kuvera-master/Tests/PreLoginTests.robot">
<test id="s1-t1" name="Menu Navigation">
<kw name="Begin Mobile Test Kuvera" library="Common">
<kw name="Open Application" library="AppiumLibrary">
<doc>Opens a new application to given Appium server.
Capabilities of appium server, Android and iOS,
Please check https://github.com/appium/appium/blob/master/docs/en/writing-running-appium/server-args.md
| *Option*            | *Man.* | *Description*     |
| remote_url          | Yes    | Appium server url |
| alias               | no     | alias             |</doc>
<arguments>
<arg>${server}</arg>
<arg>platformName=${platform}</arg>
<arg>platformVersion=${platform_version}</arg>
<arg>deviceName=${device}</arg>
<arg>automationName=${appium}</arg>
<arg>appActivity=${app_activity}</arg>
<arg>appPackage=${app_package}</arg>
</arguments>
<kw name="Capture Page Screenshot" library="AppiumLibrary">
<doc>Takes a screenshot of the current page and embeds it into the log.</doc>
<msg timestamp="20201105 17:12:35.646" level="FAIL">No application is open</msg>
<status status="FAIL" starttime="20201105 17:12:35.634" endtime="20201105 17:12:35.646"></status>
</kw>
<msg timestamp="20201105 17:12:35.648" level="WARN">Keyword 'Capture Page Screenshot' could not be run on failure: No application is open</msg>
<msg timestamp="20201105 17:12:35.664" level="FAIL">WebDriverException: Message: An unknown server-side error occurred while processing the command. Original error: Error getting device platform version. Original error: Error executing adbExec. Original error: 'Command '/usr/local/share/android-sdk/platform-tools/adb -P 5037 -s ZY322BW52K shell getprop ro.build.version.release' timed out after 20000ms'. Try to increase the 20000ms adb execution timeout represented by 'adbExecTimeout' capability
</msg>
<status status="FAIL" starttime="20201105 17:12:15.481" endtime="20201105 17:12:35.664"></status>
</kw>
<status status="FAIL" starttime="20201105 17:12:15.480" endtime="20201105 17:12:35.665"></status>
</kw>
<tags>
<tag>TC01</tag>
</tags>
<status status="FAIL" starttime="20201105 17:12:15.480" endtime="20201105 17:12:35.665" critical="yes">WebDriverException: Message: An unknown server-side error occurred while processing the command. Original error: Error getting device platform version. Original error: Error executing adbExec. Original error: 'Command '/usr/local/share/android-sdk/platform-tools/adb -P 5037 -s ZY322BW52K shell getprop ro.build.version.release' timed out after 20000ms'. Try to increase the 20000ms adb execution timeout represented by 'adbExecTimeout' capability
</status>
</test>
<status status="FAIL" starttime="20201105 17:12:15.006" endtime="20201105 17:12:35.667"></status>
</suite>
<statistics>
<total>
<stat pass="0" fail="1">Critical Tests</stat>
<stat pass="0" fail="1">All Tests</stat>
</total>
<tag>
<stat pass="0" fail="1">TC01</stat>
</tag>
<suite>
<stat pass="0" fail="1" id="s1" name="PreLoginTests">PreLoginTests</stat>
</suite>
</statistics>
<errors>
<msg timestamp="20201105 17:12:35.648" level="WARN">Keyword 'Capture Page Screenshot' could not be run on failure: No application is open</msg>
</errors>
</robot>
